2025.09.19 20:45:00 INFO  Started: Metals version 1.6.2 in folders 'D:\JeuIA\PokerScala' for client Visual Studio Code 1.104.1.
2025.09.19 20:45:01 INFO  no build target found for D:\JeuIA\PokerScala\build.sbt. Using presentation compiler with project's scala-library version: 3.3.6
2025.09.19 20:45:02 INFO  no build target found for D:\JeuIA\PokerScala\build.sbt. Using presentation compiler with project's scala-library version: 3.3.6
2025.09.19 20:45:03 INFO  no build target found for D:\JeuIA\PokerScala\build.sbt. Using presentation compiler with project's scala-library version: 3.3.6
2025.09.19 20:45:15 INFO  no build target found for D:\JeuIA\PokerScala\build.sbt. Using presentation compiler with project's scala-library version: 3.3.6
2025.09.19 20:45:15 INFO  no build target found for D:\JeuIA\PokerScala\src\main\scala\poker\engine\Card.scala. Using presentation compiler with project's scala-library version: 3.3.6
2025.09.19 20:45:16 INFO  no build target found for D:\JeuIA\PokerScala\src\main\scala\poker\engine\Card.scala. Using presentation compiler with project's scala-library version: 3.3.6
2025.09.19 20:45:15 INFO  no build target found for D:\JeuIA\PokerScala\src\main\scala\poker\engine\Card.scala. Using presentation compiler with project's scala-library version: 3.3.6
2025.09.19 20:45:17 INFO  no build target found for D:\JeuIA\PokerScala\src\main\scala\poker\engine\Card.scala. Using presentation compiler with project's scala-library version: 3.3.6
2025.09.19 20:45:18 INFO  no build target found for D:\JeuIA\PokerScala\src\main\scala\poker\engine\Card.scala. Using presentation compiler with project's scala-library version: 3.3.6
Exception in thread "pool-9-thread-1" java.lang.InterruptedException
	at scala.meta.internal.metals.FutureCancelToken.checkCanceled(FutureCancelToken.scala:29)
	at scala.meta.internal.pc.CompilerAccess.onCompilerJobQueue$$anonfun$1(CompilerAccess.scala:244)
	at scala.meta.internal.pc.CompilerJobQueue$Job.run(CompilerJobQueue.scala:153)
	at java.base/java.util.concurrent.ThreadPoolExecutor.runWorker(ThreadPoolExecutor.java:1136)
	at java.base/java.util.concurrent.ThreadPoolExecutor$Worker.run(ThreadPoolExecutor.java:635)
	at java.base/java.lang.Thread.run(Thread.java:842)
2025.09.19 20:45:19 INFO  no build target found for D:\JeuIA\PokerScala\src\main\scala\poker\engine\Card.scala. Using presentation compiler with project's scala-library version: 3.3.6
2025.09.19 20:45:19 INFO  no build target found for D:\JeuIA\PokerScala\src\main\scala\poker\engine\Deck.scala. Using presentation compiler with project's scala-library version: 3.3.6
2025.09.19 20:45:20 INFO  no build target found for D:\JeuIA\PokerScala\src\main\scala\poker\engine\Deck.scala. Using presentation compiler with project's scala-library version: 3.3.6
2025.09.19 20:45:23 INFO  no build target found for D:\JeuIA\PokerScala\src\main\scala\poker\engine\Deck.scala. Using presentation compiler with project's scala-library version: 3.3.6
2025.09.19 20:45:23 INFO  no build target found for D:\JeuIA\PokerScala\src\main\scala\poker\engine\HandRank.scala. Using presentation compiler with project's scala-library version: 3.3.6
2025.09.19 20:45:23 INFO  no build target found for D:\JeuIA\PokerScala\src\main\scala\poker\engine\HandRank.scala. Using presentation compiler with project's scala-library version: 3.3.6
2025.09.19 20:45:23 INFO  no build target found for D:\JeuIA\PokerScala\src\main\scala\poker\engine\HandRank.scala. Using presentation compiler with project's scala-library version: 3.3.6
2025.09.19 20:45:24 INFO  no build target found for D:\JeuIA\PokerScala\src\main\scala\poker\engine\HandRank.scala. Using presentation compiler with project's scala-library version: 3.3.6
2025.09.19 20:45:27 INFO  no build target found for D:\JeuIA\PokerScala\src\main\scala\poker\engine\HandRank.scala. Using presentation compiler with project's scala-library version: 3.3.6
2025.09.19 20:45:31 INFO  no build target found for D:\JeuIA\PokerScala\src\main\scala\poker\engine\HandRank.scala. Using presentation compiler with project's scala-library version: 3.3.6
2025.09.19 20:45:31 INFO  no build target found for D:\JeuIA\PokerScala\src\main\scala\poker\engine\HandRank.scala. Using presentation compiler with project's scala-library version: 3.3.6
2025.09.19 20:45:38 INFO  no build target found for D:\JeuIA\PokerScala\src\main\scala\poker\engine\HandRank.scala. Using presentation compiler with project's scala-library version: 3.3.6
2025.09.19 20:45:47 INFO  no build target found for D:\JeuIA\PokerScala\src\main\scala\poker\engine\HandRank.scala. Using presentation compiler with project's scala-library version: 3.3.6
2025.09.19 20:45:47 INFO  no build target found for D:\JeuIA\PokerScala\src\main\scala\poker\engine\HandEvaluator.scala. Using presentation compiler with project's scala-library version: 3.3.6
2025.09.19 20:45:48 INFO  no build target found for D:\JeuIA\PokerScala\src\main\scala\poker\engine\HandEvaluator.scala. Using presentation compiler with project's scala-library version: 3.3.6
2025.09.19 20:45:48 INFO  no build target found for D:\JeuIA\PokerScala\src\main\scala\poker\engine\HandEvaluator.scala. Using presentation compiler with project's scala-library version: 3.3.6
2025.09.19 20:45:53 INFO  no build target found for D:\JeuIA\PokerScala\src\main\scala\poker\engine\HandEvaluator.scala. Using presentation compiler with project's scala-library version: 3.3.6
2025.09.19 20:45:53 INFO  no build target found for D:\JeuIA\PokerScala\src\main\scala\poker\engine\HandEvaluator.scala. Using presentation compiler with project's scala-library version: 3.3.6
2025.09.19 20:46:03 INFO  no build target found for D:\JeuIA\PokerScala\src\main\scala\poker\engine\HandEvaluator.scala. Using presentation compiler with project's scala-library version: 3.3.6
2025.09.19 20:46:03 INFO  no build target found for D:\JeuIA\PokerScala\src\main\scala\poker\model\Config.scala. Using presentation compiler with project's scala-library version: 3.3.6
2025.09.19 20:46:03 INFO  no build target found for D:\JeuIA\PokerScala\src\main\scala\poker\model\Config.scala. Using presentation compiler with project's scala-library version: 3.3.6
2025.09.19 20:46:08 INFO  no build target found for D:\JeuIA\PokerScala\src\main\scala\poker\model\Config.scala. Using presentation compiler with project's scala-library version: 3.3.6
2025.09.19 20:46:08 INFO  no build target found for D:\JeuIA\PokerScala\src\main\scala\poker\model\Action.scala. Using presentation compiler with project's scala-library version: 3.3.6
2025.09.19 20:46:09 INFO  no build target found for D:\JeuIA\PokerScala\src\main\scala\poker\model\Action.scala. Using presentation compiler with project's scala-library version: 3.3.6
2025.09.19 20:46:18 INFO  no build target found for D:\JeuIA\PokerScala\src\main\scala\poker\model\Action.scala. Using presentation compiler with project's scala-library version: 3.3.6
2025.09.19 20:46:18 INFO  no build target found for D:\JeuIA\PokerScala\src\main\scala\poker\model\Player.scala. Using presentation compiler with project's scala-library version: 3.3.6
2025.09.19 20:46:18 INFO  no build target found for D:\JeuIA\PokerScala\src\main\scala\poker\model\Player.scala. Using presentation compiler with project's scala-library version: 3.3.6
2025.09.19 20:46:19 INFO  no build target found for D:\JeuIA\PokerScala\src\main\scala\poker\model\Player.scala. Using presentation compiler with project's scala-library version: 3.3.6
2025.09.19 20:46:19 INFO  no build target found for D:\JeuIA\PokerScala\src\main\scala\poker\model\Player.scala. Using presentation compiler with project's scala-library version: 3.3.6
2025.09.19 20:46:25 INFO  no build target found for D:\JeuIA\PokerScala\src\main\scala\poker\model\Player.scala. Using presentation compiler with project's scala-library version: 3.3.6
2025.09.19 20:46:25 INFO  no build target found for D:\JeuIA\PokerScala\src\main\scala\poker\model\Player.scala. Using presentation compiler with project's scala-library version: 3.3.6
2025.09.19 20:46:38 INFO  no build target found for D:\JeuIA\PokerScala\src\main\scala\poker\model\Player.scala. Using presentation compiler with project's scala-library version: 3.3.6
2025.09.19 20:46:38 INFO  no build target found for D:\JeuIA\PokerScala\src\main\scala\poker\model\Player.scala. Using presentation compiler with project's scala-library version: 3.3.6
2025.09.19 20:46:39 INFO  no build target found for D:\JeuIA\PokerScala\src\main\scala\poker\model\Player.scala. Using presentation compiler with project's scala-library version: 3.3.6
2025.09.19 20:46:40 INFO  no build target found for D:\JeuIA\PokerScala\src\main\scala\poker\model\Player.scala. Using presentation compiler with project's scala-library version: 3.3.6
2025.09.19 20:46:40 INFO  no build target found for D:\JeuIA\PokerScala\src\main\scala\poker\model\Player.scala. Using presentation compiler with project's scala-library version: 3.3.6
2025.09.19 20:46:44 INFO  no build target found for D:\JeuIA\PokerScala\src\main\scala\poker\model\Player.scala. Using presentation compiler with project's scala-library version: 3.3.6
2025.09.19 20:46:45 INFO  no build target found for D:\JeuIA\PokerScala\src\main\scala\poker\model\Player.scala. Using presentation compiler with project's scala-library version: 3.3.6
2025.09.19 20:46:45 INFO  no build target found for D:\JeuIA\PokerScala\src\main\scala\poker\model\Config.scala. Using presentation compiler with project's scala-library version: 3.3.6
2025.09.19 20:46:45 INFO  no build target found for D:\JeuIA\PokerScala\src\main\scala\poker\model\Config.scala. Using presentation compiler with project's scala-library version: 3.3.6
2025.09.19 20:46:57 INFO  no build target found for D:\JeuIA\PokerScala\src\main\scala\poker\model\Config.scala. Using presentation compiler with project's scala-library version: 3.3.6
2025.09.19 20:46:57 INFO  no build target found for D:\JeuIA\PokerScala\src\main\scala\poker\model\Action.scala. Using presentation compiler with project's scala-library version: 3.3.6
2025.09.19 20:46:57 INFO  no build target found for D:\JeuIA\PokerScala\src\main\scala\poker\model\Action.scala. Using presentation compiler with project's scala-library version: 3.3.6
2025.09.19 20:46:59 INFO  no build target found for D:\JeuIA\PokerScala\src\main\scala\poker\model\Action.scala. Using presentation compiler with project's scala-library version: 3.3.6
2025.09.19 20:46:59 INFO  no build target found for D:\JeuIA\PokerScala\src\main\scala\poker\model\Action.scala. Using presentation compiler with project's scala-library version: 3.3.6
2025.09.19 20:47:00 INFO  no build target found for D:\JeuIA\PokerScala\src\main\scala\poker\model\Action.scala. Using presentation compiler with project's scala-library version: 3.3.6
Exception in thread "pool-45-thread-1" java.lang.InterruptedException
	at scala.meta.internal.metals.FutureCancelToken.checkCanceled(FutureCancelToken.scala:29)
	at scala.meta.internal.pc.CompilerAccess.onCompilerJobQueue$$anonfun$1(CompilerAccess.scala:244)
	at scala.meta.internal.pc.CompilerJobQueue$Job.run(CompilerJobQueue.scala:153)
	at java.base/java.util.concurrent.ThreadPoolExecutor.runWorker(ThreadPoolExecutor.java:1136)
	at java.base/java.util.concurrent.ThreadPoolExecutor$Worker.run(ThreadPoolExecutor.java:635)
	at java.base/java.lang.Thread.run(Thread.java:842)
2025.09.19 20:47:00 INFO  no build target found for D:\JeuIA\PokerScala\src\main\scala\poker\model\Action.scala. Using presentation compiler with project's scala-library version: 3.3.6
2025.09.19 20:47:00 INFO  no build target found for D:\JeuIA\PokerScala\src\main\scala\poker\model\Action.scala. Using presentation compiler with project's scala-library version: 3.3.6
2025.09.19 20:47:02 INFO  no build target found for D:\JeuIA\PokerScala\src\main\scala\poker\model\Action.scala. Using presentation compiler with project's scala-library version: 3.3.6
2025.09.19 20:47:02 INFO  no build target found for D:\JeuIA\PokerScala\src\main\scala\poker\model\Action.scala. Using presentation compiler with project's scala-library version: 3.3.6
2025.09.19 20:47:03 INFO  no build target found for D:\JeuIA\PokerScala\src\main\scala\poker\model\Action.scala. Using presentation compiler with project's scala-library version: 3.3.6
2025.09.19 20:47:05 INFO  no build target found for D:\JeuIA\PokerScala\src\main\scala\poker\model\Action.scala. Using presentation compiler with project's scala-library version: 3.3.6
2025.09.19 20:47:05 INFO  no build target found for D:\JeuIA\PokerScala\src\main\scala\poker\model\Action.scala. Using presentation compiler with project's scala-library version: 3.3.6
2025.09.19 20:47:05 INFO  no build target found for D:\JeuIA\PokerScala\src\main\scala\poker\model\Action.scala. Using presentation compiler with project's scala-library version: 3.3.6
2025.09.19 20:47:07 INFO  no build target found for D:\JeuIA\PokerScala\src\main\scala\poker\model\Action.scala. Using presentation compiler with project's scala-library version: 3.3.6
2025.09.19 20:47:07 INFO  no build target found for D:\JeuIA\PokerScala\src\main\scala\poker\model\Action.scala. Using presentation compiler with project's scala-library version: 3.3.6
2025.09.19 20:47:11 INFO  no build target found for D:\JeuIA\PokerScala\src\main\scala\poker\model\Action.scala. Using presentation compiler with project's scala-library version: 3.3.6
2025.09.19 20:47:15 INFO  no build target found for D:\JeuIA\PokerScala\src\main\scala\poker\model\Action.scala. Using presentation compiler with project's scala-library version: 3.3.6
2025.09.19 20:47:17 INFO  no build target found for D:\JeuIA\PokerScala\src\main\scala\poker\model\Action.scala. Using presentation compiler with project's scala-library version: 3.3.6
2025.09.19 20:47:17 INFO  no build target found for D:\JeuIA\PokerScala\src\main\scala\poker\model\Action.scala. Using presentation compiler with project's scala-library version: 3.3.6
2025.09.19 20:47:18 INFO  no build target found for D:\JeuIA\PokerScala\src\main\scala\poker\model\Action.scala. Using presentation compiler with project's scala-library version: 3.3.6
2025.09.19 20:47:21 INFO  no build target found for D:\JeuIA\PokerScala\src\main\scala\poker\model\Action.scala. Using presentation compiler with project's scala-library version: 3.3.6
2025.09.19 20:47:21 INFO  no build target found for D:\JeuIA\PokerScala\src\main\scala\poker\engine\PotManager.scala. Using presentation compiler with project's scala-library version: 3.3.6
2025.09.19 20:47:22 INFO  no build target found for D:\JeuIA\PokerScala\src\main\scala\poker\engine\PotManager.scala. Using presentation compiler with project's scala-library version: 3.3.6
2025.09.19 20:47:21 INFO  no build target found for D:\JeuIA\PokerScala\src\main\scala\poker\engine\PotManager.scala. Using presentation compiler with project's scala-library version: 3.3.6
2025.09.19 20:47:23 INFO  no build target found for D:\JeuIA\PokerScala\src\main\scala\poker\engine\PotManager.scala. Using presentation compiler with project's scala-library version: 3.3.6
2025.09.19 20:47:24 INFO  no build target found for D:\JeuIA\PokerScala\src\main\scala\poker\engine\PotManager.scala. Using presentation compiler with project's scala-library version: 3.3.6
2025.09.19 20:47:24 INFO  no build target found for D:\JeuIA\PokerScala\src\main\scala\poker\engine\PotManager.scala. Using presentation compiler with project's scala-library version: 3.3.6
2025.09.19 20:47:28 INFO  no build target found for D:\JeuIA\PokerScala\src\main\scala\poker\engine\PotManager.scala. Using presentation compiler with project's scala-library version: 3.3.6
2025.09.19 20:47:28 INFO  no build target found for D:\JeuIA\PokerScala\src\main\scala\poker\engine\HandRank.scala. Using presentation compiler with project's scala-library version: 3.3.6
2025.09.19 20:47:28 INFO  no build target found for D:\JeuIA\PokerScala\src\main\scala\poker\engine\HandRank.scala. Using presentation compiler with project's scala-library version: 3.3.6
2025.09.19 20:47:28 INFO  no build target found for D:\JeuIA\PokerScala\src\main\scala\poker\engine\HandRank.scala. Using presentation compiler with project's scala-library version: 3.3.6
2025.09.19 20:47:29 INFO  no build target found for D:\JeuIA\PokerScala\src\main\scala\poker\engine\HandRank.scala. Using presentation compiler with project's scala-library version: 3.3.6
2025.09.19 20:47:29 INFO  no build target found for D:\JeuIA\PokerScala\src\main\scala\poker\engine\HandRank.scala. Using presentation compiler with project's scala-library version: 3.3.6
2025.09.19 20:47:32 INFO  no build target found for D:\JeuIA\PokerScala\src\main\scala\poker\engine\HandRank.scala. Using presentation compiler with project's scala-library version: 3.3.6
2025.09.19 20:47:33 INFO  no build target found for D:\JeuIA\PokerScala\src\main\scala\poker\engine\HandRank.scala. Using presentation compiler with project's scala-library version: 3.3.6
2025.09.19 20:47:33 INFO  no build target found for D:\JeuIA\PokerScala\src\main\scala\poker\engine\HandEvaluator.scala. Using presentation compiler with project's scala-library version: 3.3.6
2025.09.19 20:47:33 INFO  no build target found for D:\JeuIA\PokerScala\src\main\scala\poker\engine\HandEvaluator.scala. Using presentation compiler with project's scala-library version: 3.3.6
2025.09.19 20:47:33 INFO  no build target found for D:\JeuIA\PokerScala\src\main\scala\poker\engine\HandEvaluator.scala. Using presentation compiler with project's scala-library version: 3.3.6
2025.09.19 20:47:37 INFO  no build target found for D:\JeuIA\PokerScala\src\main\scala\poker\engine\HandEvaluator.scala. Using presentation compiler with project's scala-library version: 3.3.6
2025.09.19 20:47:37 INFO  no build target found for D:\JeuIA\PokerScala\src\main\scala\poker\engine\Card.scala. Using presentation compiler with project's scala-library version: 3.3.6
2025.09.19 20:47:38 INFO  no build target found for D:\JeuIA\PokerScala\src\main\scala\poker\engine\Card.scala. Using presentation compiler with project's scala-library version: 3.3.6
2025.09.19 20:47:41 INFO  no build target found for D:\JeuIA\PokerScala\src\main\scala\poker\engine\Card.scala. Using presentation compiler with project's scala-library version: 3.3.6
2025.09.19 20:47:41 INFO  no build target found for D:\JeuIA\PokerScala\src\main\scala\poker\engine\Deck.scala. Using presentation compiler with project's scala-library version: 3.3.6
2025.09.19 20:47:41 INFO  no build target found for D:\JeuIA\PokerScala\src\main\scala\poker\engine\Deck.scala. Using presentation compiler with project's scala-library version: 3.3.6
2025.09.19 20:47:56 INFO  no build target found for D:\JeuIA\PokerScala\src\main\scala\poker\engine\Deck.scala. Using presentation compiler with project's scala-library version: 3.3.6
2025.09.19 20:49:06 INFO  no build target found for D:\JeuIA\PokerScala\src\main\scala\poker\engine\Deck.scala. Using presentation compiler with project's scala-library version: 3.3.6
2025.09.19 20:49:06 INFO  no build target found for D:\JeuIA\PokerScala\src\main\scala\poker\engine\BettingRound.scala. Using presentation compiler with project's scala-library version: 3.3.6
2025.09.19 20:49:07 INFO  no build target found for D:\JeuIA\PokerScala\src\main\scala\poker\engine\BettingRound.scala. Using presentation compiler with project's scala-library version: 3.3.6
2025.09.19 20:49:17 INFO  no build target found for D:\JeuIA\PokerScala\src\main\scala\poker\engine\BettingRound.scala. Using presentation compiler with project's scala-library version: 3.3.6
2025.09.19 20:49:24 INFO  no build target found for D:\JeuIA\PokerScala\src\main\scala\poker\engine\BettingRound.scala. Using presentation compiler with project's scala-library version: 3.3.6
2025.09.19 20:49:31 INFO  no build target found for D:\JeuIA\PokerScala\src\main\scala\poker\engine\BettingRound.scala. Using presentation compiler with project's scala-library version: 3.3.6
2025.09.19 20:49:36 INFO  no build target found for D:\JeuIA\PokerScala\src\main\scala\poker\engine\BettingRound.scala. Using presentation compiler with project's scala-library version: 3.3.6
2025.09.19 20:49:38 INFO  no build target found for D:\JeuIA\PokerScala\src\main\scala\poker\engine\BettingRound.scala. Using presentation compiler with project's scala-library version: 3.3.6
2025.09.19 20:49:39 INFO  no build target found for D:\JeuIA\PokerScala\src\main\scala\poker\engine\BettingRound.scala. Using presentation compiler with project's scala-library version: 3.3.6
2025.09.19 20:49:38 INFO  no build target found for D:\JeuIA\PokerScala\src\main\scala\poker\engine\BettingRound.scala. Using presentation compiler with project's scala-library version: 3.3.6
Exception in thread "pool-88-thread-1" java.lang.InterruptedException
	at scala.meta.internal.metals.FutureCancelToken.checkCanceled(FutureCancelToken.scala:29)
	at scala.meta.internal.pc.CompilerAccess.onCompilerJobQueue$$anonfun$1(CompilerAccess.scala:244)
	at scala.meta.internal.pc.CompilerJobQueue$Job.run(CompilerJobQueue.scala:153)
	at java.base/java.util.concurrent.ThreadPoolExecutor.runWorker(ThreadPoolExecutor.java:1136)
	at java.base/java.util.concurrent.ThreadPoolExecutor$Worker.run(ThreadPoolExecutor.java:635)
	at java.base/java.lang.Thread.run(Thread.java:842)
2025.09.19 20:49:46 INFO  no build target found for D:\JeuIA\PokerScala\src\main\scala\poker\engine\BettingRound.scala. Using presentation compiler with project's scala-library version: 3.3.6
2025.09.19 20:49:46 INFO  no build target found for D:\JeuIA\PokerScala\src\main\scala\poker\engine\Card.scala. Using presentation compiler with project's scala-library version: 3.3.6
2025.09.19 20:49:46 INFO  no build target found for D:\JeuIA\PokerScala\src\main\scala\poker\engine\Card.scala. Using presentation compiler with project's scala-library version: 3.3.6
2025.09.19 20:49:48 INFO  no build target found for D:\JeuIA\PokerScala\src\main\scala\poker\engine\Card.scala. Using presentation compiler with project's scala-library version: 3.3.6
2025.09.19 20:49:48 INFO  no build target found for D:\JeuIA\PokerScala\src\main\scala\poker\engine\Card.scala. Using presentation compiler with project's scala-library version: 3.3.6
2025.09.19 20:49:50 INFO  no build target found for D:\JeuIA\PokerScala\src\main\scala\poker\engine\Card.scala. Using presentation compiler with project's scala-library version: 3.3.6
2025.09.19 20:49:50 INFO  no build target found for D:\JeuIA\PokerScala\src\main\scala\poker\engine\Card.scala. Using presentation compiler with project's scala-library version: 3.3.6
2025.09.19 20:49:52 INFO  no build target found for D:\JeuIA\PokerScala\src\main\scala\poker\engine\Card.scala. Using presentation compiler with project's scala-library version: 3.3.6
2025.09.19 20:49:55 INFO  no build target found for D:\JeuIA\PokerScala\src\main\scala\poker\engine\Card.scala. Using presentation compiler with project's scala-library version: 3.3.6
2025.09.19 20:49:58 INFO  no build target found for D:\JeuIA\PokerScala\src\main\scala\poker\engine\Card.scala. Using presentation compiler with project's scala-library version: 3.3.6
2025.09.19 20:49:58 INFO  no build target found for D:\JeuIA\PokerScala\src\main\scala\poker\engine\Card.scala. Using presentation compiler with project's scala-library version: 3.3.6
2025.09.19 20:50:00 INFO  no build target found for D:\JeuIA\PokerScala\src\main\scala\poker\engine\Card.scala. Using presentation compiler with project's scala-library version: 3.3.6
2025.09.19 20:50:02 INFO  no build target found for D:\JeuIA\PokerScala\src\main\scala\poker\engine\Card.scala. Using presentation compiler with project's scala-library version: 3.3.6
2025.09.19 20:50:02 INFO  no build target found for D:\JeuIA\PokerScala\src\main\scala\poker\engine\Card.scala. Using presentation compiler with project's scala-library version: 3.3.6
2025.09.19 20:50:03 INFO  no build target found for D:\JeuIA\PokerScala\src\main\scala\poker\engine\Card.scala. Using presentation compiler with project's scala-library version: 3.3.6
2025.09.19 20:50:03 INFO  no build target found for D:\JeuIA\PokerScala\src\main\scala\poker\engine\Card.scala. Using presentation compiler with project's scala-library version: 3.3.6
Exception in thread "pool-103-thread-1" java.lang.InterruptedException
	at scala.meta.internal.metals.FutureCancelToken.checkCanceled(FutureCancelToken.scala:29)
	at scala.meta.internal.pc.CompilerAccess.onCompilerJobQueue$$anonfun$1(CompilerAccess.scala:244)
	at scala.meta.internal.pc.CompilerJobQueue$Job.run(CompilerJobQueue.scala:153)
	at java.base/java.util.concurrent.ThreadPoolExecutor.runWorker(ThreadPoolExecutor.java:1136)
	at java.base/java.util.concurrent.ThreadPoolExecutor$Worker.run(ThreadPoolExecutor.java:635)
	at java.base/java.lang.Thread.run(Thread.java:842)
2025.09.19 20:50:03 INFO  no build target found for D:\JeuIA\PokerScala\src\main\scala\poker\engine\Card.scala. Using presentation compiler with project's scala-library version: 3.3.6
2025.09.19 20:50:06 INFO  no build target found for D:\JeuIA\PokerScala\src\main\scala\poker\engine\Card.scala. Using presentation compiler with project's scala-library version: 3.3.6
2025.09.19 20:50:09 INFO  no build target found for D:\JeuIA\PokerScala\src\main\scala\poker\engine\Card.scala. Using presentation compiler with project's scala-library version: 3.3.6
Exception in thread "pool-106-thread-1" java.lang.InterruptedException
	at scala.meta.internal.metals.FutureCancelToken.checkCanceled(FutureCancelToken.scala:29)
	at scala.meta.internal.pc.CompilerAccess.onCompilerJobQueue$$anonfun$1(CompilerAccess.scala:244)
	at scala.meta.internal.pc.CompilerJobQueue$Job.run(CompilerJobQueue.scala:153)
	at java.base/java.util.concurrent.ThreadPoolExecutor.runWorker(ThreadPoolExecutor.java:1136)
	at java.base/java.util.concurrent.ThreadPoolExecutor$Worker.run(ThreadPoolExecutor.java:635)
	at java.base/java.lang.Thread.run(Thread.java:842)
2025.09.19 20:50:09 INFO  no build target found for D:\JeuIA\PokerScala\src\main\scala\poker\engine\Card.scala. Using presentation compiler with project's scala-library version: 3.3.6
2025.09.19 20:50:10 INFO  no build target found for D:\JeuIA\PokerScala\src\main\scala\poker\engine\Card.scala. Using presentation compiler with project's scala-library version: 3.3.6
2025.09.19 20:50:11 INFO  no build target found for D:\JeuIA\PokerScala\src\main\scala\poker\engine\Card.scala. Using presentation compiler with project's scala-library version: 3.3.6
2025.09.19 20:50:13 INFO  no build target found for D:\JeuIA\PokerScala\src\main\scala\poker\engine\Card.scala. Using presentation compiler with project's scala-library version: 3.3.6
2025.09.19 20:50:14 INFO  no build target found for D:\JeuIA\PokerScala\src\main\scala\poker\engine\Card.scala. Using presentation compiler with project's scala-library version: 3.3.6
2025.09.19 20:50:15 INFO  no build target found for D:\JeuIA\PokerScala\src\main\scala\poker\engine\Card.scala. Using presentation compiler with project's scala-library version: 3.3.6
2025.09.19 20:50:15 INFO  no build target found for D:\JeuIA\PokerScala\src\main\scala\poker\engine\Card.scala. Using presentation compiler with project's scala-library version: 3.3.6
2025.09.19 20:50:15 INFO  no build target found for D:\JeuIA\PokerScala\src\main\scala\poker\engine\Card.scala. Using presentation compiler with project's scala-library version: 3.3.6
2025.09.19 20:50:16 INFO  no build target found for D:\JeuIA\PokerScala\src\main\scala\poker\engine\Card.scala. Using presentation compiler with project's scala-library version: 3.3.6
2025.09.19 20:50:19 INFO  no build target found for D:\JeuIA\PokerScala\src\main\scala\poker\engine\Card.scala. Using presentation compiler with project's scala-library version: 3.3.6
2025.09.19 20:50:21 INFO  no build target found for D:\JeuIA\PokerScala\src\main\scala\poker\engine\Card.scala. Using presentation compiler with project's scala-library version: 3.3.6
2025.09.19 20:50:21 INFO  no build target found for D:\JeuIA\PokerScala\src\main\scala\poker\engine\Card.scala. Using presentation compiler with project's scala-library version: 3.3.6
2025.09.19 20:50:25 INFO  no build target found for D:\JeuIA\PokerScala\src\main\scala\poker\engine\Card.scala. Using presentation compiler with project's scala-library version: 3.3.6
2025.09.19 20:50:25 INFO  no build target found for D:\JeuIA\PokerScala\src\main\scala\poker\engine\Deck.scala. Using presentation compiler with project's scala-library version: 3.3.6
2025.09.19 20:50:26 INFO  no build target found for D:\JeuIA\PokerScala\src\main\scala\poker\engine\Deck.scala. Using presentation compiler with project's scala-library version: 3.3.6
2025.09.19 20:50:25 INFO  no build target found for D:\JeuIA\PokerScala\src\main\scala\poker\engine\Deck.scala. Using presentation compiler with project's scala-library version: 3.3.6
2025.09.19 20:50:27 INFO  no build target found for D:\JeuIA\PokerScala\src\main\scala\poker\engine\Deck.scala. Using presentation compiler with project's scala-library version: 3.3.6
2025.09.19 20:50:27 INFO  no build target found for D:\JeuIA\PokerScala\src\main\scala\poker\engine\Deck.scala. Using presentation compiler with project's scala-library version: 3.3.6
2025.09.19 20:50:27 INFO  no build target found for D:\JeuIA\PokerScala\src\main\scala\poker\engine\Card.scala. Using presentation compiler with project's scala-library version: 3.3.6
2025.09.19 20:50:28 INFO  no build target found for D:\JeuIA\PokerScala\src\main\scala\poker\engine\Card.scala. Using presentation compiler with project's scala-library version: 3.3.6
2025.09.19 20:50:30 INFO  no build target found for D:\JeuIA\PokerScala\src\main\scala\poker\engine\Card.scala. Using presentation compiler with project's scala-library version: 3.3.6
2025.09.19 20:50:31 INFO  no build target found for D:\JeuIA\PokerScala\src\main\scala\poker\engine\Card.scala. Using presentation compiler with project's scala-library version: 3.3.6
2025.09.19 20:50:31 INFO  no build target found for D:\JeuIA\PokerScala\src\main\scala\poker\engine\Card.scala. Using presentation compiler with project's scala-library version: 3.3.6
2025.09.19 20:50:33 INFO  no build target found for D:\JeuIA\PokerScala\src\main\scala\poker\engine\Card.scala. Using presentation compiler with project's scala-library version: 3.3.6
2025.09.19 20:50:34 INFO  no build target found for D:\JeuIA\PokerScala\src\main\scala\poker\engine\Card.scala. Using presentation compiler with project's scala-library version: 3.3.6
2025.09.19 20:50:34 INFO  no build target found for D:\JeuIA\PokerScala\src\main\scala\poker\engine\Card.scala. Using presentation compiler with project's scala-library version: 3.3.6
2025.09.19 20:50:36 INFO  no build target found for D:\JeuIA\PokerScala\src\main\scala\poker\engine\Card.scala. Using presentation compiler with project's scala-library version: 3.3.6
2025.09.19 20:50:39 INFO  no build target found for D:\JeuIA\PokerScala\src\main\scala\poker\engine\Card.scala. Using presentation compiler with project's scala-library version: 3.3.6
2025.09.19 20:50:39 INFO  no build target found for D:\JeuIA\PokerScala\src\main\scala\poker\engine\Card.scala. Using presentation compiler with project's scala-library version: 3.3.6
2025.09.19 20:50:41 INFO  no build target found for D:\JeuIA\PokerScala\src\main\scala\poker\engine\Card.scala. Using presentation compiler with project's scala-library version: 3.3.6
2025.09.19 20:50:42 INFO  no build target found for D:\JeuIA\PokerScala\src\main\scala\poker\engine\Card.scala. Using presentation compiler with project's scala-library version: 3.3.6
2025.09.19 20:50:43 INFO  no build target found for D:\JeuIA\PokerScala\src\main\scala\poker\engine\Card.scala. Using presentation compiler with project's scala-library version: 3.3.6
2025.09.19 20:50:43 INFO  no build target found for D:\JeuIA\PokerScala\src\main\scala\poker\engine\Deck.scala. Using presentation compiler with project's scala-library version: 3.3.6
2025.09.19 20:50:44 INFO  no build target found for D:\JeuIA\PokerScala\src\main\scala\poker\engine\Deck.scala. Using presentation compiler with project's scala-library version: 3.3.6
2025.09.19 20:50:46 INFO  no build target found for D:\JeuIA\PokerScala\src\main\scala\poker\engine\Deck.scala. Using presentation compiler with project's scala-library version: 3.3.6
2025.09.19 20:50:51 INFO  no build target found for D:\JeuIA\PokerScala\src\main\scala\poker\engine\Deck.scala. Using presentation compiler with project's scala-library version: 3.3.6
2025.09.19 20:50:51 INFO  no build target found for D:\JeuIA\PokerScala\src\main\scala\poker\engine\GameState.scala. Using presentation compiler with project's scala-library version: 3.3.6
2025.09.19 20:50:51 INFO  no build target found for D:\JeuIA\PokerScala\src\main\scala\poker\engine\GameState.scala. Using presentation compiler with project's scala-library version: 3.3.6
2025.09.19 20:50:52 INFO  no build target found for D:\JeuIA\PokerScala\src\main\scala\poker\engine\GameState.scala. Using presentation compiler with project's scala-library version: 3.3.6
2025.09.19 20:50:58 INFO  no build target found for D:\JeuIA\PokerScala\src\main\scala\poker\engine\GameState.scala. Using presentation compiler with project's scala-library version: 3.3.6
2025.09.19 20:50:58 INFO  no build target found for D:\JeuIA\PokerScala\src\main\scala\poker\model\Action.scala. Using presentation compiler with project's scala-library version: 3.3.6
2025.09.19 20:50:58 INFO  no build target found for D:\JeuIA\PokerScala\src\main\scala\poker\model\Action.scala. Using presentation compiler with project's scala-library version: 3.3.6
2025.09.19 20:50:58 INFO  no build target found for D:\JeuIA\PokerScala\src\main\scala\poker\model\Action.scala. Using presentation compiler with project's scala-library version: 3.3.6
2025.09.19 20:50:59 INFO  no build target found for D:\JeuIA\PokerScala\src\main\scala\poker\model\Config.scala. Using presentation compiler with project's scala-library version: 3.3.6
2025.09.19 20:50:59 INFO  no build target found for D:\JeuIA\PokerScala\src\main\scala\poker\model\Config.scala. Using presentation compiler with project's scala-library version: 3.3.6
2025.09.19 20:51:01 INFO  no build target found for D:\JeuIA\PokerScala\src\main\scala\poker\model\Config.scala. Using presentation compiler with project's scala-library version: 3.3.6
2025.09.19 20:51:01 INFO  no build target found for D:\JeuIA\PokerScala\src\main\scala\poker\model\Events.scala. Using presentation compiler with project's scala-library version: 3.3.6
2025.09.19 20:51:01 INFO  no build target found for D:\JeuIA\PokerScala\src\main\scala\poker\model\Events.scala. Using presentation compiler with project's scala-library version: 3.3.6
2025.09.19 20:51:05 INFO  no build target found for D:\JeuIA\PokerScala\src\main\scala\poker\model\Events.scala. Using presentation compiler with project's scala-library version: 3.3.6
2025.09.19 20:51:05 INFO  no build target found for D:\JeuIA\PokerScala\src\main\scala\poker\model\Events.scala. Using presentation compiler with project's scala-library version: 3.3.6
2025.09.19 20:51:07 INFO  no build target found for D:\JeuIA\PokerScala\src\main\scala\poker\model\Events.scala. Using presentation compiler with project's scala-library version: 3.3.6
2025.09.19 20:51:07 INFO  no build target found for D:\JeuIA\PokerScala\src\main\scala\poker\model\Events.scala. Using presentation compiler with project's scala-library version: 3.3.6
2025.09.19 20:51:09 INFO  no build target found for D:\JeuIA\PokerScala\src\main\scala\poker\model\Events.scala. Using presentation compiler with project's scala-library version: 3.3.6
2025.09.19 20:51:09 INFO  no build target found for D:\JeuIA\PokerScala\src\main\scala\poker\model\Events.scala. Using presentation compiler with project's scala-library version: 3.3.6
2025.09.19 20:51:10 INFO  no build target found for D:\JeuIA\PokerScala\src\main\scala\poker\model\Events.scala. Using presentation compiler with project's scala-library version: 3.3.6
2025.09.19 20:51:10 INFO  no build target found for D:\JeuIA\PokerScala\src\main\scala\poker\model\Events.scala. Using presentation compiler with project's scala-library version: 3.3.6
2025.09.19 20:51:11 INFO  no build target found for D:\JeuIA\PokerScala\src\main\scala\poker\model\Events.scala. Using presentation compiler with project's scala-library version: 3.3.6
2025.09.19 20:51:11 INFO  no build target found for D:\JeuIA\PokerScala\src\main\scala\poker\model\Events.scala. Using presentation compiler with project's scala-library version: 3.3.6
2025.09.19 20:51:13 INFO  no build target found for D:\JeuIA\PokerScala\src\main\scala\poker\model\Events.scala. Using presentation compiler with project's scala-library version: 3.3.6
2025.09.19 20:51:14 INFO  no build target found for D:\JeuIA\PokerScala\src\main\scala\poker\model\Events.scala. Using presentation compiler with project's scala-library version: 3.3.6
2025.09.19 20:51:14 INFO  no build target found for D:\JeuIA\PokerScala\src\main\scala\poker\model\Events.scala. Using presentation compiler with project's scala-library version: 3.3.6
2025.09.19 20:51:25 INFO  no build target found for D:\JeuIA\PokerScala\src\main\scala\poker\model\Events.scala. Using presentation compiler with project's scala-library version: 3.3.6
2025.09.19 20:51:27 INFO  no build target found for D:\JeuIA\PokerScala\src\main\scala\poker\model\Events.scala. Using presentation compiler with project's scala-library version: 3.3.6
2025.09.19 20:51:27 INFO  no build target found for D:\JeuIA\PokerScala\src\main\scala\poker\model\Events.scala. Using presentation compiler with project's scala-library version: 3.3.6
2025.09.19 20:51:28 INFO  no build target found for D:\JeuIA\PokerScala\src\main\scala\poker\model\Events.scala. Using presentation compiler with project's scala-library version: 3.3.6
2025.09.19 20:51:28 INFO  no build target found for D:\JeuIA\PokerScala\src\main\scala\poker\model\Events.scala. Using presentation compiler with project's scala-library version: 3.3.6
2025.09.19 20:51:28 INFO  no build target found for D:\JeuIA\PokerScala\src\main\scala\poker\model\Events.scala. Using presentation compiler with project's scala-library version: 3.3.6
2025.09.19 20:51:29 INFO  no build target found for D:\JeuIA\PokerScala\src\main\scala\poker\model\Events.scala. Using presentation compiler with project's scala-library version: 3.3.6
2025.09.19 20:51:29 INFO  no build target found for D:\JeuIA\PokerScala\src\main\scala\poker\model\Events.scala. Using presentation compiler with project's scala-library version: 3.3.6
2025.09.19 20:51:31 INFO  no build target found for D:\JeuIA\PokerScala\src\main\scala\poker\model\Events.scala. Using presentation compiler with project's scala-library version: 3.3.6
2025.09.19 20:51:35 INFO  no build target found for D:\JeuIA\PokerScala\src\main\scala\poker\model\Events.scala. Using presentation compiler with project's scala-library version: 3.3.6
Exception in thread "pool-170-thread-1" java.lang.InterruptedException
	at scala.meta.internal.metals.FutureCancelToken.checkCanceled(FutureCancelToken.scala:29)
	at scala.meta.internal.pc.CompilerAccess.onCompilerJobQueue$$anonfun$1(CompilerAccess.scala:244)
	at scala.meta.internal.pc.CompilerJobQueue$Job.run(CompilerJobQueue.scala:153)
	at java.base/java.util.concurrent.ThreadPoolExecutor.runWorker(ThreadPoolExecutor.java:1136)
	at java.base/java.util.concurrent.ThreadPoolExecutor$Worker.run(ThreadPoolExecutor.java:635)
	at java.base/java.lang.Thread.run(Thread.java:842)
2025.09.19 20:51:37 INFO  no build target found for D:\JeuIA\PokerScala\src\main\scala\poker\model\Events.scala. Using presentation compiler with project's scala-library version: 3.3.6
2025.09.19 20:51:37 INFO  no build target found for D:\JeuIA\PokerScala\src\main\scala\poker\model\Player.scala. Using presentation compiler with project's scala-library version: 3.3.6
2025.09.19 20:51:38 INFO  no build target found for D:\JeuIA\PokerScala\src\main\scala\poker\model\Player.scala. Using presentation compiler with project's scala-library version: 3.3.6
2025.09.19 20:51:37 INFO  no build target found for D:\JeuIA\PokerScala\src\main\scala\poker\model\Player.scala. Using presentation compiler with project's scala-library version: 3.3.6
2025.09.19 20:51:39 INFO  no build target found for D:\JeuIA\PokerScala\src\main\scala\poker\model\Player.scala. Using presentation compiler with project's scala-library version: 3.3.6
2025.09.19 20:51:39 INFO  no build target found for D:\JeuIA\PokerScala\src\main\scala\poker\model\Player.scala. Using presentation compiler with project's scala-library version: 3.3.6
2025.09.19 20:51:40 INFO  no build target found for D:\JeuIA\PokerScala\src\main\scala\poker\model\Player.scala. Using presentation compiler with project's scala-library version: 3.3.6
2025.09.19 20:51:40 INFO  no build target found for D:\JeuIA\PokerScala\src\main\scala\poker\model\Player.scala. Using presentation compiler with project's scala-library version: 3.3.6
2025.09.19 20:51:40 INFO  no build target found for D:\JeuIA\PokerScala\src\main\scala\poker\model\Player.scala. Using presentation compiler with project's scala-library version: 3.3.6
2025.09.19 20:51:41 INFO  no build target found for D:\JeuIA\PokerScala\src\main\scala\poker\model\Player.scala. Using presentation compiler with project's scala-library version: 3.3.6
2025.09.19 20:51:41 INFO  no build target found for D:\JeuIA\PokerScala\src\main\scala\poker\model\Player.scala. Using presentation compiler with project's scala-library version: 3.3.6
2025.09.19 20:51:42 INFO  no build target found for D:\JeuIA\PokerScala\src\main\scala\poker\model\Player.scala. Using presentation compiler with project's scala-library version: 3.3.6
2025.09.19 20:51:43 INFO  no build target found for D:\JeuIA\PokerScala\src\main\scala\poker\model\Player.scala. Using presentation compiler with project's scala-library version: 3.3.6
2025.09.19 20:51:43 INFO  no build target found for D:\JeuIA\PokerScala\src\main\scala\poker\model\Player.scala. Using presentation compiler with project's scala-library version: 3.3.6
2025.09.19 20:51:44 INFO  no build target found for D:\JeuIA\PokerScala\src\main\scala\poker\model\Player.scala. Using presentation compiler with project's scala-library version: 3.3.6
2025.09.19 20:51:44 INFO  no build target found for D:\JeuIA\PokerScala\src\main\scala\poker\model\Player.scala. Using presentation compiler with project's scala-library version: 3.3.6
2025.09.19 20:51:45 INFO  no build target found for D:\JeuIA\PokerScala\src\main\scala\poker\model\Player.scala. Using presentation compiler with project's scala-library version: 3.3.6
2025.09.19 20:51:45 INFO  no build target found for D:\JeuIA\PokerScala\src\main\scala\poker\model\Player.scala. Using presentation compiler with project's scala-library version: 3.3.6
2025.09.19 20:51:45 INFO  no build target found for D:\JeuIA\PokerScala\src\main\scala\poker\model\Player.scala. Using presentation compiler with project's scala-library version: 3.3.6
Exception in thread "pool-187-thread-1" java.lang.InterruptedException
	at scala.meta.internal.metals.FutureCancelToken.checkCanceled(FutureCancelToken.scala:29)
	at scala.meta.internal.pc.CompilerAccess.onCompilerJobQueue$$anonfun$1(CompilerAccess.scala:244)
	at scala.meta.internal.pc.CompilerJobQueue$Job.run(CompilerJobQueue.scala:153)
	at java.base/java.util.concurrent.ThreadPoolExecutor.runWorker(ThreadPoolExecutor.java:1136)
	at java.base/java.util.concurrent.ThreadPoolExecutor$Worker.run(ThreadPoolExecutor.java:635)
	at java.base/java.lang.Thread.run(Thread.java:842)
2025.09.19 20:51:46 INFO  no build target found for D:\JeuIA\PokerScala\src\main\scala\poker\model\Player.scala. Using presentation compiler with project's scala-library version: 3.3.6
2025.09.19 20:51:48 INFO  no build target found for D:\JeuIA\PokerScala\src\main\scala\poker\model\Player.scala. Using presentation compiler with project's scala-library version: 3.3.6
2025.09.19 20:51:50 INFO  no build target found for D:\JeuIA\PokerScala\src\main\scala\poker\model\Player.scala. Using presentation compiler with project's scala-library version: 3.3.6
2025.09.19 20:51:50 INFO  no build target found for D:\JeuIA\PokerScala\src\main\scala\poker\model\Player.scala. Using presentation compiler with project's scala-library version: 3.3.6
2025.09.19 20:51:52 INFO  no build target found for D:\JeuIA\PokerScala\src\main\scala\poker\model\Player.scala. Using presentation compiler with project's scala-library version: 3.3.6
2025.09.19 20:51:54 INFO  no build target found for D:\JeuIA\PokerScala\src\main\scala\poker\model\Player.scala. Using presentation compiler with project's scala-library version: 3.3.6
2025.09.19 20:51:59 INFO  no build target found for D:\JeuIA\PokerScala\src\main\scala\poker\model\Player.scala. Using presentation compiler with project's scala-library version: 3.3.6
2025.09.19 20:51:59 INFO  no build target found for D:\JeuIA\PokerScala\src\main\scala\poker\model\Player.scala. Using presentation compiler with project's scala-library version: 3.3.6
2025.09.19 20:52:06 INFO  no build target found for D:\JeuIA\PokerScala\src\main\scala\poker\model\Player.scala. Using presentation compiler with project's scala-library version: 3.3.6
2025.09.19 20:52:06 INFO  no build target found for D:\JeuIA\PokerScala\src\main\scala\poker\model\Player.scala. Using presentation compiler with project's scala-library version: 3.3.6
2025.09.19 20:52:08 INFO  no build target found for D:\JeuIA\PokerScala\src\main\scala\poker\model\Player.scala. Using presentation compiler with project's scala-library version: 3.3.6
2025.09.19 20:52:10 INFO  no build target found for D:\JeuIA\PokerScala\src\main\scala\poker\model\Player.scala. Using presentation compiler with project's scala-library version: 3.3.6
2025.09.19 20:52:14 INFO  no build target found for D:\JeuIA\PokerScala\src\main\scala\poker\model\Player.scala. Using presentation compiler with project's scala-library version: 3.3.6
2025.09.19 20:52:15 INFO  no build target found for D:\JeuIA\PokerScala\src\main\scala\poker\model\Player.scala. Using presentation compiler with project's scala-library version: 3.3.6
2025.09.19 20:52:15 INFO  no build target found for D:\JeuIA\PokerScala\src\main\scala\poker\model\Player.scala. Using presentation compiler with project's scala-library version: 3.3.6
2025.09.19 20:52:19 INFO  no build target found for D:\JeuIA\PokerScala\src\main\scala\poker\model\Player.scala. Using presentation compiler with project's scala-library version: 3.3.6
2025.09.19 20:52:19 INFO  no build target found for D:\JeuIA\PokerScala\src\main\scala\poker\engine\HandRank.scala. Using presentation compiler with project's scala-library version: 3.3.6
2025.09.19 20:52:19 INFO  no build target found for D:\JeuIA\PokerScala\src\main\scala\poker\engine\HandRank.scala. Using presentation compiler with project's scala-library version: 3.3.6
2025.09.19 20:52:21 INFO  no build target found for D:\JeuIA\PokerScala\src\main\scala\poker\engine\HandRank.scala. Using presentation compiler with project's scala-library version: 3.3.6
2025.09.19 20:52:23 INFO  no build target found for D:\JeuIA\PokerScala\src\main\scala\poker\engine\HandRank.scala. Using presentation compiler with project's scala-library version: 3.3.6
2025.09.19 20:52:24 INFO  no build target found for D:\JeuIA\PokerScala\src\main\scala\poker\engine\HandRank.scala. Using presentation compiler with project's scala-library version: 3.3.6
2025.09.19 20:52:25 INFO  no build target found for D:\JeuIA\PokerScala\src\main\scala\poker\engine\HandRank.scala. Using presentation compiler with project's scala-library version: 3.3.6
2025.09.19 20:52:25 INFO  no build target found for D:\JeuIA\PokerScala\src\main\scala\poker\engine\HandRank.scala. Using presentation compiler with project's scala-library version: 3.3.6
2025.09.19 20:52:25 INFO  no build target found for D:\JeuIA\PokerScala\src\main\scala\poker\engine\HandRank.scala. Using presentation compiler with project's scala-library version: 3.3.6
2025.09.19 20:52:27 INFO  no build target found for D:\JeuIA\PokerScala\src\main\scala\poker\engine\HandRank.scala. Using presentation compiler with project's scala-library version: 3.3.6
2025.09.19 20:52:27 INFO  no build target found for D:\JeuIA\PokerScala\src\main\scala\poker\engine\HandRank.scala. Using presentation compiler with project's scala-library version: 3.3.6
2025.09.19 20:52:30 INFO  no build target found for D:\JeuIA\PokerScala\src\main\scala\poker\engine\HandRank.scala. Using presentation compiler with project's scala-library version: 3.3.6
2025.09.19 20:52:34 INFO  no build target found for D:\JeuIA\PokerScala\src\main\scala\poker\engine\HandRank.scala. Using presentation compiler with project's scala-library version: 3.3.6
2025.09.19 20:52:34 INFO  no build target found for D:\JeuIA\PokerScala\src\main\scala\poker\engine\PotManager.scala. Using presentation compiler with project's scala-library version: 3.3.6
2025.09.19 20:52:34 INFO  no build target found for D:\JeuIA\PokerScala\src\main\scala\poker\engine\PotManager.scala. Using presentation compiler with project's scala-library version: 3.3.6
2025.09.19 20:52:36 INFO  no build target found for D:\JeuIA\PokerScala\src\main\scala\poker\engine\PotManager.scala. Using presentation compiler with project's scala-library version: 3.3.6
2025.09.19 20:52:36 INFO  no build target found for D:\JeuIA\PokerScala\src\main\scala\poker\engine\Rules.scala. Using presentation compiler with project's scala-library version: 3.3.6
2025.09.19 20:52:36 INFO  no build target found for D:\JeuIA\PokerScala\src\main\scala\poker\engine\Rules.scala. Using presentation compiler with project's scala-library version: 3.3.6
2025.09.19 20:52:38 INFO  no build target found for D:\JeuIA\PokerScala\src\main\scala\poker\engine\Rules.scala. Using presentation compiler with project's scala-library version: 3.3.6
2025.09.19 20:53:57 INFO  no build target found for D:\JeuIA\PokerScala\src\main\scala\poker\engine\Rules.scala. Using presentation compiler with project's scala-library version: 3.3.6
2025.09.19 20:53:57 INFO  no build target found for D:\JeuIA\PokerScala\src\main\scala\poker\engine\Rules.scala. Using presentation compiler with project's scala-library version: 3.3.6
2025.09.19 20:53:58 INFO  no build target found for D:\JeuIA\PokerScala\src\main\scala\poker\engine\Rules.scala. Using presentation compiler with project's scala-library version: 3.3.6
2025.09.19 20:54:15 INFO  no build target found for D:\JeuIA\PokerScala\src\main\scala\poker\engine\Rules.scala. Using presentation compiler with project's scala-library version: 3.3.6
2025.09.19 20:54:23 INFO  no build target found for D:\JeuIA\PokerScala\src\main\scala\poker\engine\Rules.scala. Using presentation compiler with project's scala-library version: 3.3.6
2025.09.19 20:54:23 INFO  no build target found for D:\JeuIA\PokerScala\src\main\scala\poker\engine\BettingRound.scala. Using presentation compiler with project's scala-library version: 3.3.6
2025.09.19 20:54:23 INFO  no build target found for D:\JeuIA\PokerScala\src\main\scala\poker\engine\BettingRound.scala. Using presentation compiler with project's scala-library version: 3.3.6
2025.09.19 20:54:23 INFO  no build target found for D:\JeuIA\PokerScala\src\main\scala\poker\engine\BettingRound.scala. Using presentation compiler with project's scala-library version: 3.3.6
2025.09.19 20:54:27 INFO  no build target found for D:\JeuIA\PokerScala\src\main\scala\poker\engine\BettingRound.scala. Using presentation compiler with project's scala-library version: 3.3.6
2025.09.19 20:54:27 INFO  no build target found for D:\JeuIA\PokerScala\src\main\scala\poker\engine\Card.scala. Using presentation compiler with project's scala-library version: 3.3.6
2025.09.19 20:54:27 INFO  no build target found for D:\JeuIA\PokerScala\src\main\scala\poker\engine\Card.scala. Using presentation compiler with project's scala-library version: 3.3.6
2025.09.19 20:54:32 INFO  no build target found for D:\JeuIA\PokerScala\src\main\scala\poker\engine\Card.scala. Using presentation compiler with project's scala-library version: 3.3.6
2025.09.19 20:54:32 INFO  no build target found for D:\JeuIA\PokerScala\src\main\scala\poker\engine\Dealer.scala. Using presentation compiler with project's scala-library version: 3.3.6
2025.09.19 20:54:33 INFO  no build target found for D:\JeuIA\PokerScala\src\main\scala\poker\engine\Dealer.scala. Using presentation compiler with project's scala-library version: 3.3.6
2025.09.19 20:54:32 INFO  no build target found for D:\JeuIA\PokerScala\src\main\scala\poker\engine\Dealer.scala. Using presentation compiler with project's scala-library version: 3.3.6
2025.09.19 20:54:34 INFO  no build target found for D:\JeuIA\PokerScala\src\main\scala\poker\engine\Dealer.scala. Using presentation compiler with project's scala-library version: 3.3.6
2025.09.19 20:54:38 INFO  no build target found for D:\JeuIA\PokerScala\src\main\scala\poker\engine\Dealer.scala. Using presentation compiler with project's scala-library version: 3.3.6
2025.09.19 20:54:38 INFO  no build target found for D:\JeuIA\PokerScala\src\main\scala\poker\engine\Card.scala. Using presentation compiler with project's scala-library version: 3.3.6
2025.09.19 20:54:38 INFO  no build target found for D:\JeuIA\PokerScala\src\main\scala\poker\engine\Card.scala. Using presentation compiler with project's scala-library version: 3.3.6
2025.09.19 20:54:40 INFO  no build target found for D:\JeuIA\PokerScala\src\main\scala\poker\engine\Card.scala. Using presentation compiler with project's scala-library version: 3.3.6
2025.09.19 20:54:40 INFO  no build target found for D:\JeuIA\PokerScala\src\main\scala\poker\engine\Card.scala. Using presentation compiler with project's scala-library version: 3.3.6
2025.09.19 20:54:41 INFO  no build target found for D:\JeuIA\PokerScala\src\main\scala\poker\engine\Card.scala. Using presentation compiler with project's scala-library version: 3.3.6
2025.09.19 20:54:41 INFO  no build target found for D:\JeuIA\PokerScala\src\main\scala\poker\engine\Card.scala. Using presentation compiler with project's scala-library version: 3.3.6
Exception in thread "pool-237-thread-1" java.lang.InterruptedException
	at scala.meta.internal.metals.FutureCancelToken.checkCanceled(FutureCancelToken.scala:29)
	at scala.meta.internal.pc.CompilerAccess.onCompilerJobQueue$$anonfun$1(CompilerAccess.scala:244)
	at scala.meta.internal.pc.CompilerJobQueue$Job.run(CompilerJobQueue.scala:153)
	at java.base/java.util.concurrent.ThreadPoolExecutor.runWorker(ThreadPoolExecutor.java:1136)
	at java.base/java.util.concurrent.ThreadPoolExecutor$Worker.run(ThreadPoolExecutor.java:635)
	at java.base/java.lang.Thread.run(Thread.java:842)
2025.09.19 20:54:41 INFO  no build target found for D:\JeuIA\PokerScala\src\main\scala\poker\engine\Card.scala. Using presentation compiler with project's scala-library version: 3.3.6
2025.09.19 20:54:43 INFO  no build target found for D:\JeuIA\PokerScala\src\main\scala\poker\engine\Card.scala. Using presentation compiler with project's scala-library version: 3.3.6
2025.09.19 20:54:43 INFO  no build target found for D:\JeuIA\PokerScala\src\main\scala\poker\engine\Card.scala. Using presentation compiler with project's scala-library version: 3.3.6
2025.09.19 20:54:44 INFO  no build target found for D:\JeuIA\PokerScala\src\main\scala\poker\engine\Card.scala. Using presentation compiler with project's scala-library version: 3.3.6
2025.09.19 20:54:48 INFO  no build target found for D:\JeuIA\PokerScala\src\main\scala\poker\engine\Card.scala. Using presentation compiler with project's scala-library version: 3.3.6
2025.09.19 20:54:49 INFO  no build target found for D:\JeuIA\PokerScala\src\main\scala\poker\engine\Card.scala. Using presentation compiler with project's scala-library version: 3.3.6
2025.09.19 20:54:49 INFO  no build target found for D:\JeuIA\PokerScala\src\main\scala\poker\engine\Card.scala. Using presentation compiler with project's scala-library version: 3.3.6
2025.09.19 20:54:49 INFO  no build target found for D:\JeuIA\PokerScala\src\main\scala\poker\engine\Card.scala. Using presentation compiler with project's scala-library version: 3.3.6
2025.09.19 20:54:49 INFO  no build target found for D:\JeuIA\PokerScala\src\main\scala\poker\engine\Card.scala. Using presentation compiler with project's scala-library version: 3.3.6
2025.09.19 20:54:51 INFO  no build target found for D:\JeuIA\PokerScala\src\main\scala\poker\engine\Card.scala. Using presentation compiler with project's scala-library version: 3.3.6
Exception in thread "pool-247-thread-1" java.lang.InterruptedException
	at scala.meta.internal.metals.FutureCancelToken.checkCanceled(FutureCancelToken.scala:29)
	at scala.meta.internal.pc.CompilerAccess.onCompilerJobQueue$$anonfun$1(CompilerAccess.scala:244)
	at scala.meta.internal.pc.CompilerJobQueue$Job.run(CompilerJobQueue.scala:153)
	at java.base/java.util.concurrent.ThreadPoolExecutor.runWorker(ThreadPoolExecutor.java:1136)
	at java.base/java.util.concurrent.ThreadPoolExecutor$Worker.run(ThreadPoolExecutor.java:635)
	at java.base/java.lang.Thread.run(Thread.java:842)
2025.09.19 20:54:51 INFO  no build target found for D:\JeuIA\PokerScala\src\main\scala\poker\engine\Card.scala. Using presentation compiler with project's scala-library version: 3.3.6
2025.09.19 20:54:51 INFO  no build target found for D:\JeuIA\PokerScala\src\main\scala\poker\engine\Card.scala. Using presentation compiler with project's scala-library version: 3.3.6
2025.09.19 20:54:52 INFO  no build target found for D:\JeuIA\PokerScala\src\main\scala\poker\engine\Card.scala. Using presentation compiler with project's scala-library version: 3.3.6
2025.09.19 20:54:52 INFO  no build target found for D:\JeuIA\PokerScala\src\main\scala\poker\engine\Card.scala. Using presentation compiler with project's scala-library version: 3.3.6
2025.09.19 20:54:53 INFO  no build target found for D:\JeuIA\PokerScala\src\main\scala\poker\engine\Card.scala. Using presentation compiler with project's scala-library version: 3.3.6
2025.09.19 20:54:53 INFO  no build target found for D:\JeuIA\PokerScala\src\main\scala\poker\engine\Card.scala. Using presentation compiler with project's scala-library version: 3.3.6
2025.09.19 20:54:54 INFO  no build target found for D:\JeuIA\PokerScala\src\main\scala\poker\engine\Card.scala. Using presentation compiler with project's scala-library version: 3.3.6
2025.09.19 20:54:54 INFO  no build target found for D:\JeuIA\PokerScala\src\main\scala\poker\engine\Card.scala. Using presentation compiler with project's scala-library version: 3.3.6
2025.09.19 20:54:54 INFO  no build target found for D:\JeuIA\PokerScala\src\main\scala\poker\engine\Card.scala. Using presentation compiler with project's scala-library version: 3.3.6
2025.09.19 20:54:55 INFO  no build target found for D:\JeuIA\PokerScala\src\main\scala\poker\engine\Card.scala. Using presentation compiler with project's scala-library version: 3.3.6
2025.09.19 20:54:55 INFO  no build target found for D:\JeuIA\PokerScala\src\main\scala\poker\engine\Card.scala. Using presentation compiler with project's scala-library version: 3.3.6
2025.09.19 20:55:01 INFO  no build target found for D:\JeuIA\PokerScala\src\main\scala\poker\engine\Card.scala. Using presentation compiler with project's scala-library version: 3.3.6
2025.09.19 20:55:13 INFO  no build target found for D:\JeuIA\PokerScala\src\main\scala\poker\engine\Card.scala. Using presentation compiler with project's scala-library version: 3.3.6
2025.09.19 20:55:13 INFO  no build target found for D:\JeuIA\PokerScala\src\main\scala\poker\engine\Card.scala. Using presentation compiler with project's scala-library version: 3.3.6
2025.09.19 20:55:17 INFO  no build target found for D:\JeuIA\PokerScala\src\main\scala\poker\engine\Card.scala. Using presentation compiler with project's scala-library version: 3.3.6
2025.09.19 20:55:25 INFO  no build target found for D:\JeuIA\PokerScala\src\main\scala\poker\engine\Card.scala. Using presentation compiler with project's scala-library version: 3.3.6
2025.09.19 20:55:28 INFO  no build target found for D:\JeuIA\PokerScala\src\main\scala\poker\engine\Card.scala. Using presentation compiler with project's scala-library version: 3.3.6
2025.09.19 20:56:39 INFO  no build target found for D:\JeuIA\PokerScala\src\main\scala\poker\engine\Card.scala. Using presentation compiler with project's scala-library version: 3.3.6
2025.09.19 20:56:39 INFO  no build target found for D:\JeuIA\PokerScala\src\main\scala\poker\ai\Bot.scala. Using presentation compiler with project's scala-library version: 3.3.6
2025.09.19 20:56:39 INFO  no build target found for D:\JeuIA\PokerScala\src\main\scala\poker\ai\Bot.scala. Using presentation compiler with project's scala-library version: 3.3.6
2025.09.19 20:56:41 INFO  no build target found for D:\JeuIA\PokerScala\src\main\scala\poker\ai\Bot.scala. Using presentation compiler with project's scala-library version: 3.3.6
Exception in thread "pool-267-thread-1" java.lang.InterruptedException
	at scala.meta.internal.metals.FutureCancelToken.checkCanceled(FutureCancelToken.scala:29)
	at scala.meta.internal.pc.CompilerAccess.onCompilerJobQueue$$anonfun$1(CompilerAccess.scala:244)
	at scala.meta.internal.pc.CompilerJobQueue$Job.run(CompilerJobQueue.scala:153)
	at java.base/java.util.concurrent.ThreadPoolExecutor.runWorker(ThreadPoolExecutor.java:1136)
	at java.base/java.util.concurrent.ThreadPoolExecutor$Worker.run(ThreadPoolExecutor.java:635)
	at java.base/java.lang.Thread.run(Thread.java:842)
2025.09.19 20:56:41 INFO  no build target found for D:\JeuIA\PokerScala\src\main\scala\poker\ai\Bot.scala. Using presentation compiler with project's scala-library version: 3.3.6
2025.09.19 20:56:41 INFO  no build target found for D:\JeuIA\PokerScala\src\main\scala\poker\ai\Bot.scala. Using presentation compiler with project's scala-library version: 3.3.6
2025.09.19 20:56:45 INFO  no build target found for D:\JeuIA\PokerScala\src\main\scala\poker\ai\Bot.scala. Using presentation compiler with project's scala-library version: 3.3.6
2025.09.19 20:56:45 INFO  no build target found for D:\JeuIA\PokerScala\src\main\scala\poker\ai\AIPolicy.scala. Using presentation compiler with project's scala-library version: 3.3.6
2025.09.19 20:56:45 INFO  no build target found for D:\JeuIA\PokerScala\src\main\scala\poker\ai\AIPolicy.scala. Using presentation compiler with project's scala-library version: 3.3.6
2025.09.19 20:56:46 INFO  no build target found for D:\JeuIA\PokerScala\src\main\scala\poker\ai\AIPolicy.scala. Using presentation compiler with project's scala-library version: 3.3.6
2025.09.19 20:56:46 INFO  no build target found for D:\JeuIA\PokerScala\src\main\scala\poker\ai\AIPolicy.scala. Using presentation compiler with project's scala-library version: 3.3.6
2025.09.19 20:56:48 INFO  no build target found for D:\JeuIA\PokerScala\src\main\scala\poker\ai\AIPolicy.scala. Using presentation compiler with project's scala-library version: 3.3.6
2025.09.19 20:56:48 INFO  no build target found for D:\JeuIA\PokerScala\src\main\scala\poker\ai\AIPolicy.scala. Using presentation compiler with project's scala-library version: 3.3.6
2025.09.19 20:56:51 INFO  no build target found for D:\JeuIA\PokerScala\src\main\scala\poker\ai\AIPolicy.scala. Using presentation compiler with project's scala-library version: 3.3.6
2025.09.19 20:56:51 INFO  no build target found for D:\JeuIA\PokerScala\src\main\scala\poker\ai\AIPolicy.scala. Using presentation compiler with project's scala-library version: 3.3.6
2025.09.19 20:56:55 INFO  no build target found for D:\JeuIA\PokerScala\src\main\scala\poker\ai\AIPolicy.scala. Using presentation compiler with project's scala-library version: 3.3.6
2025.09.19 20:56:55 INFO  no build target found for D:\JeuIA\PokerScala\src\main\scala\poker\ai\AIPolicy.scala. Using presentation compiler with project's scala-library version: 3.3.6
2025.09.19 20:56:55 INFO  no build target found for D:\JeuIA\PokerScala\src\main\scala\poker\ai\AIPolicy.scala. Using presentation compiler with project's scala-library version: 3.3.6
2025.09.19 20:56:58 INFO  no build target found for D:\JeuIA\PokerScala\src\main\scala\poker\ai\AIPolicy.scala. Using presentation compiler with project's scala-library version: 3.3.6
2025.09.19 20:56:58 INFO  no build target found for D:\JeuIA\PokerScala\src\main\scala\poker\ai\HandStrength.scala. Using presentation compiler with project's scala-library version: 3.3.6
2025.09.19 20:56:58 INFO  no build target found for D:\JeuIA\PokerScala\src\main\scala\poker\ai\HandStrength.scala. Using presentation compiler with project's scala-library version: 3.3.6
2025.09.19 20:56:59 INFO  no build target found for D:\JeuIA\PokerScala\src\main\scala\poker\ai\HandStrength.scala. Using presentation compiler with project's scala-library version: 3.3.6
2025.09.19 20:57:01 INFO  no build target found for D:\JeuIA\PokerScala\src\main\scala\poker\ai\HandStrength.scala. Using presentation compiler with project's scala-library version: 3.3.6
2025.09.19 20:57:01 INFO  no build target found for D:\JeuIA\PokerScala\src\main\scala\poker\ai\MonteCarloSimulator.scala. Using presentation compiler with project's scala-library version: 3.3.6
2025.09.19 20:57:01 INFO  no build target found for D:\JeuIA\PokerScala\src\main\scala\poker\ai\MonteCarloSimulator.scala. Using presentation compiler with project's scala-library version: 3.3.6
2025.09.19 20:57:02 INFO  no build target found for D:\JeuIA\PokerScala\src\main\scala\poker\ai\MonteCarloSimulator.scala. Using presentation compiler with project's scala-library version: 3.3.6
2025.09.19 20:57:06 INFO  no build target found for D:\JeuIA\PokerScala\src\main\scala\poker\ai\MonteCarloSimulator.scala. Using presentation compiler with project's scala-library version: 3.3.6
2025.09.19 20:57:06 INFO  no build target found for D:\JeuIA\PokerScala\src\main\scala\poker\ai\MonteCarloSimulator.scala. Using presentation compiler with project's scala-library version: 3.3.6
2025.09.19 20:57:07 INFO  no build target found for D:\JeuIA\PokerScala\src\main\scala\poker\ai\MonteCarloSimulator.scala. Using presentation compiler with project's scala-library version: 3.3.6
2025.09.19 20:57:07 INFO  no build target found for D:\JeuIA\PokerScala\src\main\scala\poker\ai\MonteCarloSimulator.scala. Using presentation compiler with project's scala-library version: 3.3.6
2025.09.19 20:57:09 INFO  no build target found for D:\JeuIA\PokerScala\src\main\scala\poker\ai\MonteCarloSimulator.scala. Using presentation compiler with project's scala-library version: 3.3.6
2025.09.19 20:57:09 INFO  no build target found for D:\JeuIA\PokerScala\src\main\scala\poker\ai\OpponentModel.scala. Using presentation compiler with project's scala-library version: 3.3.6
2025.09.19 20:57:09 INFO  no build target found for D:\JeuIA\PokerScala\src\main\scala\poker\ai\OpponentModel.scala. Using presentation compiler with project's scala-library version: 3.3.6
2025.09.19 20:57:11 INFO  no build target found for D:\JeuIA\PokerScala\src\main\scala\poker\ai\OpponentModel.scala. Using presentation compiler with project's scala-library version: 3.3.6
2025.09.19 20:57:11 INFO  no build target found for D:\JeuIA\PokerScala\src\main\scala\poker\ai\OpponentModel.scala. Using presentation compiler with project's scala-library version: 3.3.6
Exception in thread "pool-294-thread-1" java.lang.InterruptedException
	at scala.meta.internal.metals.FutureCancelToken.checkCanceled(FutureCancelToken.scala:29)
	at scala.meta.internal.pc.CompilerAccess.onCompilerJobQueue$$anonfun$1(CompilerAccess.scala:244)
	at scala.meta.internal.pc.CompilerJobQueue$Job.run(CompilerJobQueue.scala:153)
	at java.base/java.util.concurrent.ThreadPoolExecutor.runWorker(ThreadPoolExecutor.java:1136)
	at java.base/java.util.concurrent.ThreadPoolExecutor$Worker.run(ThreadPoolExecutor.java:635)
	at java.base/java.lang.Thread.run(Thread.java:842)
2025.09.19 20:57:13 INFO  no build target found for D:\JeuIA\PokerScala\src\main\scala\poker\ai\OpponentModel.scala. Using presentation compiler with project's scala-library version: 3.3.6
2025.09.19 20:57:13 INFO  no build target found for D:\JeuIA\PokerScala\src\main\scala\poker\ai\OpponentModel.scala. Using presentation compiler with project's scala-library version: 3.3.6
2025.09.19 20:57:14 INFO  no build target found for D:\JeuIA\PokerScala\src\main\scala\poker\ai\OpponentModel.scala. Using presentation compiler with project's scala-library version: 3.3.6
2025.09.19 20:57:14 INFO  no build target found for D:\JeuIA\PokerScala\src\main\scala\poker\ai\OpponentModel.scala. Using presentation compiler with project's scala-library version: 3.3.6
2025.09.19 20:57:16 INFO  no build target found for D:\JeuIA\PokerScala\src\main\scala\poker\ai\OpponentModel.scala. Using presentation compiler with project's scala-library version: 3.3.6
2025.09.19 20:57:16 INFO  no build target found for D:\JeuIA\PokerScala\src\main\scala\poker\ai\OpponentModel.scala. Using presentation compiler with project's scala-library version: 3.3.6
2025.09.19 20:57:26 INFO  no build target found for D:\JeuIA\PokerScala\src\main\scala\poker\ai\OpponentModel.scala. Using presentation compiler with project's scala-library version: 3.3.6
2025.09.19 20:57:27 INFO  no build target found for D:\JeuIA\PokerScala\src\main\scala\poker\ai\OpponentModel.scala. Using presentation compiler with project's scala-library version: 3.3.6
2025.09.19 20:57:27 INFO  no build target found for D:\JeuIA\PokerScala\src\main\scala\poker\ai\OpponentModel.scala. Using presentation compiler with project's scala-library version: 3.3.6
2025.09.19 20:57:27 INFO  no build target found for D:\JeuIA\PokerScala\src\main\scala\poker\ai\OpponentModel.scala. Using presentation compiler with project's scala-library version: 3.3.6
2025.09.19 20:57:29 INFO  no build target found for D:\JeuIA\PokerScala\src\main\scala\poker\ai\OpponentModel.scala. Using presentation compiler with project's scala-library version: 3.3.6
2025.09.19 20:57:29 INFO  no build target found for D:\JeuIA\PokerScala\src\main\scala\poker\ai\OpponentModel.scala. Using presentation compiler with project's scala-library version: 3.3.6
2025.09.19 20:57:31 INFO  no build target found for D:\JeuIA\PokerScala\src\main\scala\poker\ai\OpponentModel.scala. Using presentation compiler with project's scala-library version: 3.3.6
2025.09.19 20:57:31 INFO  no build target found for D:\JeuIA\PokerScala\src\main\scala\poker\ai\OpponentModel.scala. Using presentation compiler with project's scala-library version: 3.3.6
2025.09.19 20:57:32 INFO  no build target found for D:\JeuIA\PokerScala\src\main\scala\poker\ai\OpponentModel.scala. Using presentation compiler with project's scala-library version: 3.3.6
2025.09.19 20:57:32 INFO  no build target found for D:\JeuIA\PokerScala\src\main\scala\poker\ai\OpponentModel.scala. Using presentation compiler with project's scala-library version: 3.3.6
2025.09.19 20:57:32 INFO  no build target found for D:\JeuIA\PokerScala\src\main\scala\poker\ai\OpponentModel.scala. Using presentation compiler with project's scala-library version: 3.3.6
2025.09.19 20:57:33 INFO  no build target found for D:\JeuIA\PokerScala\src\main\scala\poker\ai\OpponentModel.scala. Using presentation compiler with project's scala-library version: 3.3.6
2025.09.19 20:57:33 INFO  no build target found for D:\JeuIA\PokerScala\src\main\scala\poker\ai\OpponentModel.scala. Using presentation compiler with project's scala-library version: 3.3.6
2025.09.19 20:57:33 INFO  no build target found for D:\JeuIA\PokerScala\src\main\scala\poker\ai\OpponentModel.scala. Using presentation compiler with project's scala-library version: 3.3.6
2025.09.19 20:57:35 INFO  no build target found for D:\JeuIA\PokerScala\src\main\scala\poker\ai\OpponentModel.scala. Using presentation compiler with project's scala-library version: 3.3.6
2025.09.19 20:57:35 INFO  no build target found for D:\JeuIA\PokerScala\src\main\scala\poker\ai\OpponentModel.scala. Using presentation compiler with project's scala-library version: 3.3.6
2025.09.19 20:57:40 INFO  no build target found for D:\JeuIA\PokerScala\src\main\scala\poker\ai\OpponentModel.scala. Using presentation compiler with project's scala-library version: 3.3.6
2025.09.19 20:58:07 INFO  no build target found for D:\JeuIA\PokerScala\src\main\scala\poker\ai\OpponentModel.scala. Using presentation compiler with project's scala-library version: 3.3.6
2025.09.19 20:58:07 INFO  no build target found for D:\JeuIA\PokerScala\src\main\scala\poker\ai\OpponentModel.scala. Using presentation compiler with project's scala-library version: 3.3.6
2025.09.19 20:58:08 INFO  no build target found for D:\JeuIA\PokerScala\src\main\scala\poker\ai\OpponentModel.scala. Using presentation compiler with project's scala-library version: 3.3.6
2025.09.19 20:58:13 INFO  no build target found for D:\JeuIA\PokerScala\src\main\scala\poker\ai\OpponentModel.scala. Using presentation compiler with project's scala-library version: 3.3.6
2025.09.19 20:58:13 INFO  no build target found for D:\JeuIA\PokerScala\src\main\scala\poker\ui\CardsView.scala. Using presentation compiler with project's scala-library version: 3.3.6
2025.09.19 20:58:13 INFO  no build target found for D:\JeuIA\PokerScala\src\main\scala\poker\ui\CardsView.scala. Using presentation compiler with project's scala-library version: 3.3.6
2025.09.19 20:58:13 INFO  no build target found for D:\JeuIA\PokerScala\src\main\scala\poker\ui\CardsView.scala. Using presentation compiler with project's scala-library version: 3.3.6
2025.09.19 20:58:16 INFO  no build target found for D:\JeuIA\PokerScala\src\main\scala\poker\ui\CardsView.scala. Using presentation compiler with project's scala-library version: 3.3.6
2025.09.19 20:58:16 INFO  no build target found for D:\JeuIA\PokerScala\src\main\scala\poker\ui\ControlsView.scala. Using presentation compiler with project's scala-library version: 3.3.6
2025.09.19 20:58:16 INFO  no build target found for D:\JeuIA\PokerScala\src\main\scala\poker\ui\ControlsView.scala. Using presentation compiler with project's scala-library version: 3.3.6
2025.09.19 20:58:20 INFO  no build target found for D:\JeuIA\PokerScala\src\main\scala\poker\ui\ControlsView.scala. Using presentation compiler with project's scala-library version: 3.3.6
2025.09.19 20:58:20 INFO  no build target found for D:\JeuIA\PokerScala\src\main\scala\poker\ui\SeatsView.scala. Using presentation compiler with project's scala-library version: 3.3.6
2025.09.19 20:58:20 INFO  no build target found for D:\JeuIA\PokerScala\src\main\scala\poker\ui\SeatsView.scala. Using presentation compiler with project's scala-library version: 3.3.6
2025.09.19 20:58:20 INFO  no build target found for D:\JeuIA\PokerScala\src\main\scala\poker\ui\SeatsView.scala. Using presentation compiler with project's scala-library version: 3.3.6
2025.09.19 20:58:22 INFO  no build target found for D:\JeuIA\PokerScala\src\main\scala\poker\ui\SeatsView.scala. Using presentation compiler with project's scala-library version: 3.3.6
2025.09.19 20:58:22 INFO  no build target found for D:\JeuIA\PokerScala\src\main\scala\poker\ui\SeatsView.scala. Using presentation compiler with project's scala-library version: 3.3.6
2025.09.19 20:58:22 INFO  no build target found for D:\JeuIA\PokerScala\src\main\scala\poker\ui\SeatsView.scala. Using presentation compiler with project's scala-library version: 3.3.6
2025.09.19 20:58:24 INFO  no build target found for D:\JeuIA\PokerScala\src\main\scala\poker\ui\SeatsView.scala. Using presentation compiler with project's scala-library version: 3.3.6
2025.09.19 20:58:24 INFO  no build target found for D:\JeuIA\PokerScala\src\main\scala\poker\ui\SeatsView.scala. Using presentation compiler with project's scala-library version: 3.3.6
Exception in thread "pool-333-thread-1" java.lang.InterruptedException
	at scala.meta.internal.metals.FutureCancelToken.checkCanceled(FutureCancelToken.scala:29)
	at scala.meta.internal.pc.CompilerAccess.onCompilerJobQueue$$anonfun$1(CompilerAccess.scala:244)
	at scala.meta.internal.pc.CompilerJobQueue$Job.run(CompilerJobQueue.scala:153)
	at java.base/java.util.concurrent.ThreadPoolExecutor.runWorker(ThreadPoolExecutor.java:1136)
	at java.base/java.util.concurrent.ThreadPoolExecutor$Worker.run(ThreadPoolExecutor.java:635)
	at java.base/java.lang.Thread.run(Thread.java:842)
2025.09.19 20:58:25 INFO  no build target found for D:\JeuIA\PokerScala\src\main\scala\poker\ui\SeatsView.scala. Using presentation compiler with project's scala-library version: 3.3.6
2025.09.19 20:58:25 INFO  no build target found for D:\JeuIA\PokerScala\src\main\scala\poker\ui\SeatsView.scala. Using presentation compiler with project's scala-library version: 3.3.6
2025.09.19 20:58:26 INFO  no build target found for D:\JeuIA\PokerScala\src\main\scala\poker\ui\SeatsView.scala. Using presentation compiler with project's scala-library version: 3.3.6
2025.09.19 20:58:27 INFO  no build target found for D:\JeuIA\PokerScala\src\main\scala\poker\ui\SeatsView.scala. Using presentation compiler with project's scala-library version: 3.3.6
Exception in thread "pool-337-thread-1" java.lang.InterruptedException
	at scala.meta.internal.metals.FutureCancelToken.checkCanceled(FutureCancelToken.scala:29)
	at scala.meta.internal.pc.CompilerAccess.onCompilerJobQueue$$anonfun$1(CompilerAccess.scala:244)
	at scala.meta.internal.pc.CompilerJobQueue$Job.run(CompilerJobQueue.scala:153)
	at java.base/java.util.concurrent.ThreadPoolExecutor.runWorker(ThreadPoolExecutor.java:1136)
	at java.base/java.util.concurrent.ThreadPoolExecutor$Worker.run(ThreadPoolExecutor.java:635)
	at java.base/java.lang.Thread.run(Thread.java:842)
2025.09.19 20:58:28 INFO  no build target found for D:\JeuIA\PokerScala\src\main\scala\poker\ui\SeatsView.scala. Using presentation compiler with project's scala-library version: 3.3.6
2025.09.19 20:58:28 INFO  no build target found for D:\JeuIA\PokerScala\src\main\scala\poker\ui\SeatsView.scala. Using presentation compiler with project's scala-library version: 3.3.6
2025.09.19 20:58:30 INFO  no build target found for D:\JeuIA\PokerScala\src\main\scala\poker\ui\SeatsView.scala. Using presentation compiler with project's scala-library version: 3.3.6
2025.09.19 20:58:30 INFO  no build target found for D:\JeuIA\PokerScala\src\main\scala\poker\ui\CardsView.scala. Using presentation compiler with project's scala-library version: 3.3.6
2025.09.19 20:58:30 INFO  no build target found for D:\JeuIA\PokerScala\src\main\scala\poker\ui\CardsView.scala. Using presentation compiler with project's scala-library version: 3.3.6
2025.09.19 20:58:35 INFO  no build target found for D:\JeuIA\PokerScala\src\main\scala\poker\ui\CardsView.scala. Using presentation compiler with project's scala-library version: 3.3.6
2025.09.19 20:58:42 INFO  no build target found for D:\JeuIA\PokerScala\src\main\scala\poker\ui\CardsView.scala. Using presentation compiler with project's scala-library version: 3.3.6
2025.09.19 20:58:42 INFO  no build target found for D:\JeuIA\PokerScala\src\main\scala\poker\ui\TableView.scala. Using presentation compiler with project's scala-library version: 3.3.6
2025.09.19 20:58:42 INFO  no build target found for D:\JeuIA\PokerScala\src\main\scala\poker\ui\TableView.scala. Using presentation compiler with project's scala-library version: 3.3.6
2025.09.19 20:58:43 INFO  no build target found for D:\JeuIA\PokerScala\src\main\scala\poker\ui\TableView.scala. Using presentation compiler with project's scala-library version: 3.3.6
2025.09.19 20:58:46 INFO  no build target found for D:\JeuIA\PokerScala\src\main\scala\poker\ui\TableView.scala. Using presentation compiler with project's scala-library version: 3.3.6
Exception in thread "pool-346-thread-1" java.lang.InterruptedException
	at scala.meta.internal.metals.FutureCancelToken.checkCanceled(FutureCancelToken.scala:29)
	at scala.meta.internal.pc.CompilerAccess.onCompilerJobQueue$$anonfun$1(CompilerAccess.scala:244)
	at scala.meta.internal.pc.CompilerJobQueue$Job.run(CompilerJobQueue.scala:153)
	at java.base/java.util.concurrent.ThreadPoolExecutor.runWorker(ThreadPoolExecutor.java:1136)
	at java.base/java.util.concurrent.ThreadPoolExecutor$Worker.run(ThreadPoolExecutor.java:635)
	at java.base/java.lang.Thread.run(Thread.java:842)
2025.09.19 20:58:52 INFO  no build target found for D:\JeuIA\PokerScala\src\main\scala\poker\ui\TableView.scala. Using presentation compiler with project's scala-library version: 3.3.6
2025.09.19 20:59:41 INFO  no build target found for D:\JeuIA\PokerScala\src\main\scala\poker\ui\TableView.scala. Using presentation compiler with project's scala-library version: 3.3.6
2025.09.19 21:00:40 INFO  no build target found for D:\JeuIA\PokerScala\src\main\scala\poker\ui\TableView.scala. Using presentation compiler with project's scala-library version: 3.3.6
2025.09.19 21:00:49 INFO  no build target found for D:\JeuIA\PokerScala\src\main\scala\poker\ui\TableView.scala. Using presentation compiler with project's scala-library version: 3.3.6
2025.09.19 21:00:49 INFO  no build target found for D:\JeuIA\PokerScala\src\main\scala\poker\ui\SettingsDialog.scala. Using presentation compiler with project's scala-library version: 3.3.6
2025.09.19 21:00:50 INFO  no build target found for D:\JeuIA\PokerScala\src\main\scala\poker\ui\SettingsDialog.scala. Using presentation compiler with project's scala-library version: 3.3.6
2025.09.19 21:00:51 INFO  no build target found for D:\JeuIA\PokerScala\src\main\scala\poker\ui\SettingsDialog.scala. Using presentation compiler with project's scala-library version: 3.3.6
2025.09.19 21:00:51 INFO  no build target found for D:\JeuIA\PokerScala\src\main\scala\poker\ui\SettingsDialog.scala. Using presentation compiler with project's scala-library version: 3.3.6
2025.09.19 21:00:52 INFO  no build target found for D:\JeuIA\PokerScala\src\main\scala\poker\ui\SettingsDialog.scala. Using presentation compiler with project's scala-library version: 3.3.6
2025.09.19 21:00:52 INFO  no build target found for D:\JeuIA\PokerScala\src\main\scala\poker\ui\SettingsDialog.scala. Using presentation compiler with project's scala-library version: 3.3.6
2025.09.19 21:00:54 INFO  no build target found for D:\JeuIA\PokerScala\src\main\scala\poker\ui\SettingsDialog.scala. Using presentation compiler with project's scala-library version: 3.3.6
2025.09.19 21:00:56 INFO  no build target found for D:\JeuIA\PokerScala\src\main\scala\poker\ui\SettingsDialog.scala. Using presentation compiler with project's scala-library version: 3.3.6
Exception in thread "pool-357-thread-1" java.lang.InterruptedException
	at scala.meta.internal.metals.FutureCancelToken.checkCanceled(FutureCancelToken.scala:29)
	at scala.meta.internal.pc.CompilerAccess.onCompilerJobQueue$$anonfun$1(CompilerAccess.scala:244)
	at scala.meta.internal.pc.CompilerJobQueue$Job.run(CompilerJobQueue.scala:153)
	at java.base/java.util.concurrent.ThreadPoolExecutor.runWorker(ThreadPoolExecutor.java:1136)
	at java.base/java.util.concurrent.ThreadPoolExecutor$Worker.run(ThreadPoolExecutor.java:635)
	at java.base/java.lang.Thread.run(Thread.java:842)
2025.09.19 21:00:56 INFO  no build target found for D:\JeuIA\PokerScala\src\main\scala\poker\ui\SettingsDialog.scala. Using presentation compiler with project's scala-library version: 3.3.6
2025.09.19 21:00:58 INFO  no build target found for D:\JeuIA\PokerScala\src\main\scala\poker\ui\SettingsDialog.scala. Using presentation compiler with project's scala-library version: 3.3.6
2025.09.19 21:00:58 INFO  no build target found for D:\JeuIA\PokerScala\src\main\scala\poker\ui\SettingsDialog.scala. Using presentation compiler with project's scala-library version: 3.3.6
2025.09.19 21:00:58 INFO  no build target found for D:\JeuIA\PokerScala\src\main\scala\poker\ui\SettingsDialog.scala. Using presentation compiler with project's scala-library version: 3.3.6
2025.09.19 21:01:00 INFO  no build target found for D:\JeuIA\PokerScala\src\main\scala\poker\ui\SettingsDialog.scala. Using presentation compiler with project's scala-library version: 3.3.6
2025.09.19 21:01:00 INFO  no build target found for D:\JeuIA\PokerScala\src\main\scala\poker\ui\SettingsDialog.scala. Using presentation compiler with project's scala-library version: 3.3.6
2025.09.19 21:01:02 INFO  no build target found for D:\JeuIA\PokerScala\src\main\scala\poker\ui\SettingsDialog.scala. Using presentation compiler with project's scala-library version: 3.3.6
2025.09.19 21:01:02 INFO  no build target found for D:\JeuIA\PokerScala\src\main\scala\poker\ui\SettingsDialog.scala. Using presentation compiler with project's scala-library version: 3.3.6
2025.09.19 21:01:03 INFO  no build target found for D:\JeuIA\PokerScala\src\main\scala\poker\ui\SettingsDialog.scala. Using presentation compiler with project's scala-library version: 3.3.6
2025.09.19 21:01:03 INFO  no build target found for D:\JeuIA\PokerScala\src\main\scala\poker\ui\SettingsDialog.scala. Using presentation compiler with project's scala-library version: 3.3.6
2025.09.19 21:01:04 INFO  no build target found for D:\JeuIA\PokerScala\src\main\scala\poker\ui\SettingsDialog.scala. Using presentation compiler with project's scala-library version: 3.3.6
2025.09.19 21:01:04 INFO  no build target found for D:\JeuIA\PokerScala\src\main\scala\poker\ui\SettingsDialog.scala. Using presentation compiler with project's scala-library version: 3.3.6
2025.09.19 21:01:04 INFO  no build target found for D:\JeuIA\PokerScala\src\main\scala\poker\ui\SettingsDialog.scala. Using presentation compiler with project's scala-library version: 3.3.6
2025.09.19 21:01:06 INFO  no build target found for D:\JeuIA\PokerScala\src\main\scala\poker\ui\SettingsDialog.scala. Using presentation compiler with project's scala-library version: 3.3.6
2025.09.19 21:01:08 INFO  no build target found for D:\JeuIA\PokerScala\src\main\scala\poker\ui\SettingsDialog.scala. Using presentation compiler with project's scala-library version: 3.3.6
2025.09.19 21:01:10 INFO  no build target found for D:\JeuIA\PokerScala\src\main\scala\poker\ui\SettingsDialog.scala. Using presentation compiler with project's scala-library version: 3.3.6
2025.09.19 21:01:11 INFO  no build target found for D:\JeuIA\PokerScala\src\main\scala\poker\ui\SettingsDialog.scala. Using presentation compiler with project's scala-library version: 3.3.6
2025.09.19 21:01:40 INFO  no build target found for D:\JeuIA\PokerScala\src\main\scala\poker\ui\SettingsDialog.scala. Using presentation compiler with project's scala-library version: 3.3.6
2025.09.19 21:01:40 INFO  no build target found for D:\JeuIA\PokerScala\src\main\scala\poker\ai\OpponentModel.scala. Using presentation compiler with project's scala-library version: 3.3.6
2025.09.19 21:01:40 INFO  no build target found for D:\JeuIA\PokerScala\src\main\scala\poker\ai\OpponentModel.scala. Using presentation compiler with project's scala-library version: 3.3.6
2025.09.19 21:01:45 INFO  no build target found for D:\JeuIA\PokerScala\src\main\scala\poker\ai\OpponentModel.scala. Using presentation compiler with project's scala-library version: 3.3.6
2025.09.19 21:01:51 INFO  no build target found for D:\JeuIA\PokerScala\src\main\scala\poker\ai\OpponentModel.scala. Using presentation compiler with project's scala-library version: 3.3.6
2025.09.19 21:01:51 INFO  no build target found for D:\JeuIA\PokerScala\src\main\scala\poker\ai\AIPolicy.scala. Using presentation compiler with project's scala-library version: 3.3.6
2025.09.19 21:01:51 INFO  no build target found for D:\JeuIA\PokerScala\src\main\scala\poker\ai\AIPolicy.scala. Using presentation compiler with project's scala-library version: 3.3.6
2025.09.19 21:01:54 INFO  no build target found for D:\JeuIA\PokerScala\src\main\scala\poker\ai\AIPolicy.scala. Using presentation compiler with project's scala-library version: 3.3.6
2025.09.19 21:01:55 INFO  no build target found for D:\JeuIA\PokerScala\src\main\scala\poker\ai\AIPolicy.scala. Using presentation compiler with project's scala-library version: 3.3.6
2025.09.19 21:01:55 INFO  no build target found for D:\JeuIA\PokerScala\src\main\scala\poker\ai\Bot.scala. Using presentation compiler with project's scala-library version: 3.3.6
2025.09.19 21:01:55 INFO  no build target found for D:\JeuIA\PokerScala\src\main\scala\poker\ai\Bot.scala. Using presentation compiler with project's scala-library version: 3.3.6
2025.09.19 21:02:15 INFO  no build target found for D:\JeuIA\PokerScala\src\main\scala\poker\ai\Bot.scala. Using presentation compiler with project's scala-library version: 3.3.6
2025.09.19 21:02:15 INFO  no build target found for D:\JeuIA\PokerScala\src\test\scala\poker\GameStateSpec.scala. Using presentation compiler with project's scala-library version: 3.3.6
2025.09.19 21:02:15 INFO  no build target found for D:\JeuIA\PokerScala\src\test\scala\poker\GameStateSpec.scala. Using presentation compiler with project's scala-library version: 3.3.6
2025.09.19 21:02:17 INFO  no build target found for D:\JeuIA\PokerScala\src\test\scala\poker\GameStateSpec.scala. Using presentation compiler with project's scala-library version: 3.3.6
2025.09.19 21:02:22 INFO  no build target found for D:\JeuIA\PokerScala\src\test\scala\poker\GameStateSpec.scala. Using presentation compiler with project's scala-library version: 3.3.6
2025.09.19 21:02:22 INFO  no build target found for D:\JeuIA\PokerScala\src\test\scala\poker\HandEvaluatorSpec.scala. Using presentation compiler with project's scala-library version: 3.3.6
2025.09.19 21:02:22 INFO  no build target found for D:\JeuIA\PokerScala\src\test\scala\poker\HandEvaluatorSpec.scala. Using presentation compiler with project's scala-library version: 3.3.6
2025.09.19 21:02:22 INFO  no build target found for D:\JeuIA\PokerScala\src\test\scala\poker\HandEvaluatorSpec.scala. Using presentation compiler with project's scala-library version: 3.3.6
2025.09.19 21:02:26 INFO  no build target found for D:\JeuIA\PokerScala\src\test\scala\poker\HandEvaluatorSpec.scala. Using presentation compiler with project's scala-library version: 3.3.6
2025.09.19 21:02:28 INFO  no build target found for D:\JeuIA\PokerScala\src\test\scala\poker\HandEvaluatorSpec.scala. Using presentation compiler with project's scala-library version: 3.3.6
2025.09.19 21:02:28 INFO  no build target found for D:\JeuIA\PokerScala\src\test\scala\poker\PotManagerSpec.scala. Using presentation compiler with project's scala-library version: 3.3.6
2025.09.19 21:02:28 INFO  no build target found for D:\JeuIA\PokerScala\src\test\scala\poker\PotManagerSpec.scala. Using presentation compiler with project's scala-library version: 3.3.6
2025.09.19 21:03:27 INFO  no build target found for D:\JeuIA\PokerScala\src\test\scala\poker\PotManagerSpec.scala. Using presentation compiler with project's scala-library version: 3.3.6
2025.09.19 21:04:08 INFO  no build target found for D:\JeuIA\PokerScala\src\test\scala\poker\PotManagerSpec.scala. Using presentation compiler with project's scala-library version: 3.3.6
sept. 19, 2025 9:09:47 PM org.eclipse.lsp4j.jsonrpc.services.GenericEndpoint notify
INFO: Unsupported notification method: $/setTrace
sept. 19, 2025 9:09:52 PM org.eclipse.lsp4j.jsonrpc.services.GenericEndpoint notify
INFO: Unsupported notification method: $/setTrace
2025.09.20 00:03:05 INFO  no build target found for D:\JeuIA\PokerScala\src\main\scala\poker\engine\HandRank.scala. Using presentation compiler with project's scala-library version: 3.3.6
2025.09.20 00:03:05 INFO  no build target found for D:\JeuIA\PokerScala\src\main\scala\poker\engine\HandRank.scala. Using presentation compiler with project's scala-library version: 3.3.6
2025.09.20 00:03:13 INFO  no build target found for D:\JeuIA\PokerScala\src\main\scala\poker\engine\HandRank.scala. Using presentation compiler with project's scala-library version: 3.3.6
